CRITICAL - 2022-01-06 06:53:43 --> Call to undefined method CodeIgniter\HTTP\IncomingRequest::getMethid()
#0 /opt/lampp/htdocs/qr_code/system/CodeIgniter.php(825): App\Controllers\Users->index()
#1 /opt/lampp/htdocs/qr_code/system/CodeIgniter.php(412): CodeIgniter\CodeIgniter->runController(Object(App\Controllers\Users))
#2 /opt/lampp/htdocs/qr_code/system/CodeIgniter.php(320): CodeIgniter\CodeIgniter->handleRequest(NULL, Object(Config\Cache), false)
#3 /opt/lampp/htdocs/qr_code/public/index.php(37): CodeIgniter\CodeIgniter->run()
#4 {main}
CRITICAL - 2022-01-06 06:54:09 --> Undefined variable $data
#0 /opt/lampp/htdocs/qr_code/app/Controllers/Users.php(38): CodeIgniter\Debug\Exceptions->errorHandler(2, 'Undefined varia...', '/opt/lampp/htdo...', 38)
#1 /opt/lampp/htdocs/qr_code/system/CodeIgniter.php(825): App\Controllers\Users->register()
#2 /opt/lampp/htdocs/qr_code/system/CodeIgniter.php(412): CodeIgniter\CodeIgniter->runController(Object(App\Controllers\Users))
#3 /opt/lampp/htdocs/qr_code/system/CodeIgniter.php(320): CodeIgniter\CodeIgniter->handleRequest(NULL, Object(Config\Cache), false)
#4 /opt/lampp/htdocs/qr_code/public/index.php(37): CodeIgniter\CodeIgniter->run()
#5 {main}
CRITICAL - 2022-01-06 07:21:24 --> require is not a valid rule.
#0 /opt/lampp/htdocs/qr_code/system/Validation/Validation.php(300): CodeIgniter\Validation\Exceptions\ValidationException::forRuleNotFound('require')
#1 /opt/lampp/htdocs/qr_code/system/Validation/Validation.php(157): CodeIgniter\Validation\Validation->processRules('lastname', 'lastname', '', Array, Array)
#2 /opt/lampp/htdocs/qr_code/system/Controller.php(160): CodeIgniter\Validation\Validation->run()
#3 /opt/lampp/htdocs/qr_code/app/Controllers/Users.php(48): CodeIgniter\Controller->validate(Array)
#4 /opt/lampp/htdocs/qr_code/system/CodeIgniter.php(825): App\Controllers\Users->register()
#5 /opt/lampp/htdocs/qr_code/system/CodeIgniter.php(412): CodeIgniter\CodeIgniter->runController(Object(App\Controllers\Users))
#6 /opt/lampp/htdocs/qr_code/system/CodeIgniter.php(320): CodeIgniter\CodeIgniter->handleRequest(NULL, Object(Config\Cache), false)
#7 /opt/lampp/htdocs/qr_code/public/index.php(37): CodeIgniter\CodeIgniter->run()
#8 {main}
CRITICAL - 2022-01-06 07:22:24 --> matched is not a valid rule.
#0 /opt/lampp/htdocs/qr_code/system/Validation/Validation.php(300): CodeIgniter\Validation\Exceptions\ValidationException::forRuleNotFound('matched')
#1 /opt/lampp/htdocs/qr_code/system/Validation/Validation.php(157): CodeIgniter\Validation\Validation->processRules('repeat_password', 'repeat_password', '', Array, Array)
#2 /opt/lampp/htdocs/qr_code/system/Controller.php(160): CodeIgniter\Validation\Validation->run()
#3 /opt/lampp/htdocs/qr_code/app/Controllers/Users.php(48): CodeIgniter\Controller->validate(Array)
#4 /opt/lampp/htdocs/qr_code/system/CodeIgniter.php(825): App\Controllers\Users->register()
#5 /opt/lampp/htdocs/qr_code/system/CodeIgniter.php(412): CodeIgniter\CodeIgniter->runController(Object(App\Controllers\Users))
#6 /opt/lampp/htdocs/qr_code/system/CodeIgniter.php(320): CodeIgniter\CodeIgniter->handleRequest(NULL, Object(Config\Cache), false)
#7 /opt/lampp/htdocs/qr_code/public/index.php(37): CodeIgniter\CodeIgniter->run()
#8 {main}
CRITICAL - 2022-01-06 07:22:29 --> matched is not a valid rule.
#0 /opt/lampp/htdocs/qr_code/system/Validation/Validation.php(300): CodeIgniter\Validation\Exceptions\ValidationException::forRuleNotFound('matched')
#1 /opt/lampp/htdocs/qr_code/system/Validation/Validation.php(157): CodeIgniter\Validation\Validation->processRules('repeat_password', 'repeat_password', '', Array, Array)
#2 /opt/lampp/htdocs/qr_code/system/Controller.php(160): CodeIgniter\Validation\Validation->run()
#3 /opt/lampp/htdocs/qr_code/app/Controllers/Users.php(48): CodeIgniter\Controller->validate(Array)
#4 /opt/lampp/htdocs/qr_code/system/CodeIgniter.php(825): App\Controllers\Users->register()
#5 /opt/lampp/htdocs/qr_code/system/CodeIgniter.php(412): CodeIgniter\CodeIgniter->runController(Object(App\Controllers\Users))
#6 /opt/lampp/htdocs/qr_code/system/CodeIgniter.php(320): CodeIgniter\CodeIgniter->handleRequest(NULL, Object(Config\Cache), false)
#7 /opt/lampp/htdocs/qr_code/public/index.php(37): CodeIgniter\CodeIgniter->run()
#8 {main}
ERROR - 2022-01-06 07:38:45 --> No database selected
CRITICAL - 2022-01-06 07:38:45 --> No database selected
#0 /opt/lampp/htdocs/qr_code/system/Database/MySQLi/Connection.php(292): mysqli->query('SELECT 1\nFROM `...', 0)
#1 /opt/lampp/htdocs/qr_code/system/Database/BaseConnection.php(670): CodeIgniter\Database\MySQLi\Connection->execute('SELECT 1\nFROM `...')
#2 /opt/lampp/htdocs/qr_code/system/Database/BaseConnection.php(598): CodeIgniter\Database\BaseConnection->simpleQuery('SELECT 1\nFROM `...')
#3 /opt/lampp/htdocs/qr_code/system/Database/BaseBuilder.php(1455): CodeIgniter\Database\BaseConnection->query('SELECT 1\nFROM `...', Array, false)
#4 /opt/lampp/htdocs/qr_code/system/Validation/Rules.php(142): CodeIgniter\Database\BaseBuilder->get()
#5 /opt/lampp/htdocs/qr_code/system/Validation/Validation.php(292): CodeIgniter\Validation\Rules->is_unique('asdasad@asdasd....', 'email', Array, NULL)
#6 /opt/lampp/htdocs/qr_code/system/Validation/Validation.php(157): CodeIgniter\Validation\Validation->processRules('email', 'email', 'asdasad@asdasd....', Array, Array)
#7 /opt/lampp/htdocs/qr_code/system/Controller.php(160): CodeIgniter\Validation\Validation->run()
#8 /opt/lampp/htdocs/qr_code/app/Controllers/Users.php(48): CodeIgniter\Controller->validate(Array)
#9 /opt/lampp/htdocs/qr_code/system/CodeIgniter.php(825): App\Controllers\Users->register()
#10 /opt/lampp/htdocs/qr_code/system/CodeIgniter.php(412): CodeIgniter\CodeIgniter->runController(Object(App\Controllers\Users))
#11 /opt/lampp/htdocs/qr_code/system/CodeIgniter.php(320): CodeIgniter\CodeIgniter->handleRequest(NULL, Object(Config\Cache), false)
#12 /opt/lampp/htdocs/qr_code/public/index.php(37): CodeIgniter\CodeIgniter->run()
#13 {main}
ERROR - 2022-01-06 07:43:56 --> Error connecting to the database: Access denied for user ''@'localhost' to database 'street_sellers'
CRITICAL - 2022-01-06 07:43:56 --> Unable to connect to the database.
Main connection [MySQLi]: Access denied for user ''@'localhost' to database 'street_sellers'
#0 /opt/lampp/htdocs/qr_code/system/Database/BaseConnection.php(577): CodeIgniter\Database\BaseConnection->initialize()
#1 /opt/lampp/htdocs/qr_code/system/Database/BaseBuilder.php(1455): CodeIgniter\Database\BaseConnection->query('SELECT 1\nFROM `...', Array, false)
#2 /opt/lampp/htdocs/qr_code/system/Validation/Rules.php(142): CodeIgniter\Database\BaseBuilder->get()
#3 /opt/lampp/htdocs/qr_code/system/Validation/Validation.php(292): CodeIgniter\Validation\Rules->is_unique('asdasad@asdasd....', 'email', Array, NULL)
#4 /opt/lampp/htdocs/qr_code/system/Validation/Validation.php(157): CodeIgniter\Validation\Validation->processRules('email', 'email', 'asdasad@asdasd....', Array, Array)
#5 /opt/lampp/htdocs/qr_code/system/Controller.php(160): CodeIgniter\Validation\Validation->run()
#6 /opt/lampp/htdocs/qr_code/app/Controllers/Users.php(48): CodeIgniter\Controller->validate(Array)
#7 /opt/lampp/htdocs/qr_code/system/CodeIgniter.php(825): App\Controllers\Users->register()
#8 /opt/lampp/htdocs/qr_code/system/CodeIgniter.php(412): CodeIgniter\CodeIgniter->runController(Object(App\Controllers\Users))
#9 /opt/lampp/htdocs/qr_code/system/CodeIgniter.php(320): CodeIgniter\CodeIgniter->handleRequest(NULL, Object(Config\Cache), false)
#10 /opt/lampp/htdocs/qr_code/public/index.php(37): CodeIgniter\CodeIgniter->run()
#11 {main}
ERROR - 2022-01-06 07:45:29 --> Table 'street_sellers.users' doesn't exist
CRITICAL - 2022-01-06 07:45:29 --> Table 'street_sellers.users' doesn't exist
#0 /opt/lampp/htdocs/qr_code/system/Database/MySQLi/Connection.php(292): mysqli->query('SELECT 1\nFROM `...', 0)
#1 /opt/lampp/htdocs/qr_code/system/Database/BaseConnection.php(670): CodeIgniter\Database\MySQLi\Connection->execute('SELECT 1\nFROM `...')
#2 /opt/lampp/htdocs/qr_code/system/Database/BaseConnection.php(598): CodeIgniter\Database\BaseConnection->simpleQuery('SELECT 1\nFROM `...')
#3 /opt/lampp/htdocs/qr_code/system/Database/BaseBuilder.php(1455): CodeIgniter\Database\BaseConnection->query('SELECT 1\nFROM `...', Array, false)
#4 /opt/lampp/htdocs/qr_code/system/Validation/Rules.php(142): CodeIgniter\Database\BaseBuilder->get()
#5 /opt/lampp/htdocs/qr_code/system/Validation/Validation.php(292): CodeIgniter\Validation\Rules->is_unique('asdasad@asdasd....', 'email', Array, NULL)
#6 /opt/lampp/htdocs/qr_code/system/Validation/Validation.php(157): CodeIgniter\Validation\Validation->processRules('email', 'email', 'asdasad@asdasd....', Array, Array)
#7 /opt/lampp/htdocs/qr_code/system/Controller.php(160): CodeIgniter\Validation\Validation->run()
#8 /opt/lampp/htdocs/qr_code/app/Controllers/Users.php(48): CodeIgniter\Controller->validate(Array)
#9 /opt/lampp/htdocs/qr_code/system/CodeIgniter.php(825): App\Controllers\Users->register()
#10 /opt/lampp/htdocs/qr_code/system/CodeIgniter.php(412): CodeIgniter\CodeIgniter->runController(Object(App\Controllers\Users))
#11 /opt/lampp/htdocs/qr_code/system/CodeIgniter.php(320): CodeIgniter\CodeIgniter->handleRequest(NULL, Object(Config\Cache), false)
#12 /opt/lampp/htdocs/qr_code/public/index.php(37): CodeIgniter\CodeIgniter->run()
#13 {main}
CRITICAL - 2022-01-06 07:56:30 --> syntax error, unexpected token ";", expecting "]"
#0 /opt/lampp/htdocs/qr_code/system/Router/Router.php(175): CodeIgniter\Router\Router->autoRoute('users')
#1 /opt/lampp/htdocs/qr_code/system/CodeIgniter.php(719): CodeIgniter\Router\Router->handle('users')
#2 /opt/lampp/htdocs/qr_code/system/CodeIgniter.php(361): CodeIgniter\CodeIgniter->tryToRouteIt(Object(CodeIgniter\Router\RouteCollection))
#3 /opt/lampp/htdocs/qr_code/system/CodeIgniter.php(320): CodeIgniter\CodeIgniter->handleRequest(NULL, Object(Config\Cache), false)
#4 /opt/lampp/htdocs/qr_code/public/index.php(37): CodeIgniter\CodeIgniter->run()
#5 {main}
CRITICAL - 2022-01-06 07:57:07 --> Class "App\Controllers\UserMdodel" not found
#0 /opt/lampp/htdocs/qr_code/system/CodeIgniter.php(825): App\Controllers\Users->register()
#1 /opt/lampp/htdocs/qr_code/system/CodeIgniter.php(412): CodeIgniter\CodeIgniter->runController(Object(App\Controllers\Users))
#2 /opt/lampp/htdocs/qr_code/system/CodeIgniter.php(320): CodeIgniter\CodeIgniter->handleRequest(NULL, Object(Config\Cache), false)
#3 /opt/lampp/htdocs/qr_code/public/index.php(37): CodeIgniter\CodeIgniter->run()
#4 {main}
CRITICAL - 2022-01-06 07:57:24 --> Class "App\Controllers\UserModel" not found
#0 /opt/lampp/htdocs/qr_code/system/CodeIgniter.php(825): App\Controllers\Users->register()
#1 /opt/lampp/htdocs/qr_code/system/CodeIgniter.php(412): CodeIgniter\CodeIgniter->runController(Object(App\Controllers\Users))
#2 /opt/lampp/htdocs/qr_code/system/CodeIgniter.php(320): CodeIgniter\CodeIgniter->handleRequest(NULL, Object(Config\Cache), false)
#3 /opt/lampp/htdocs/qr_code/public/index.php(37): CodeIgniter\CodeIgniter->run()
#4 {main}
CRITICAL - 2022-01-06 07:59:54 --> Class "Codeigniter\Model" not found
#0 /opt/lampp/htdocs/qr_code/system/Autoloader/Autoloader.php(264): include_once()
#1 /opt/lampp/htdocs/qr_code/system/Autoloader/Autoloader.php(241): CodeIgniter\Autoloader\Autoloader->includeFile('/opt/lampp/htdo...')
#2 /opt/lampp/htdocs/qr_code/system/Autoloader/Autoloader.php(219): CodeIgniter\Autoloader\Autoloader->loadInNamespace('App\\Models\\User...')
#3 /opt/lampp/htdocs/qr_code/app/Controllers/Users.php(53): CodeIgniter\Autoloader\Autoloader->loadClass('App\\Models\\User...')
#4 /opt/lampp/htdocs/qr_code/system/CodeIgniter.php(825): App\Controllers\Users->register()
#5 /opt/lampp/htdocs/qr_code/system/CodeIgniter.php(412): CodeIgniter\CodeIgniter->runController(Object(App\Controllers\Users))
#6 /opt/lampp/htdocs/qr_code/system/CodeIgniter.php(320): CodeIgniter\CodeIgniter->handleRequest(NULL, Object(Config\Cache), false)
#7 /opt/lampp/htdocs/qr_code/public/index.php(37): CodeIgniter\CodeIgniter->run()
#8 {main}
CRITICAL - 2022-01-06 08:00:57 --> Call to undefined function App\Models\passwordHash()
#0 /opt/lampp/htdocs/qr_code/system/BaseModel.php(1456): App\Models\UserModel->beforeInsert(Array)
#1 /opt/lampp/htdocs/qr_code/system/BaseModel.php(735): CodeIgniter\BaseModel->trigger('beforeInsert', Array)
#2 /opt/lampp/htdocs/qr_code/system/Model.php(625): CodeIgniter\BaseModel->insert(Array, false)
#3 /opt/lampp/htdocs/qr_code/system/BaseModel.php(658): CodeIgniter\Model->insert(Array, false)
#4 /opt/lampp/htdocs/qr_code/app/Controllers/Users.php(61): CodeIgniter\BaseModel->save(Array)
#5 /opt/lampp/htdocs/qr_code/system/CodeIgniter.php(825): App\Controllers\Users->register()
#6 /opt/lampp/htdocs/qr_code/system/CodeIgniter.php(412): CodeIgniter\CodeIgniter->runController(Object(App\Controllers\Users))
#7 /opt/lampp/htdocs/qr_code/system/CodeIgniter.php(320): CodeIgniter\CodeIgniter->handleRequest(NULL, Object(Config\Cache), false)
#8 /opt/lampp/htdocs/qr_code/public/index.php(37): CodeIgniter\CodeIgniter->run()
#9 {main}
CRITICAL - 2022-01-06 10:00:47 --> Call to undefined method App\Models\UserModel::model
#0 /opt/lampp/htdocs/qr_code/app/Controllers/Users.php(28): CodeIgniter\Model->__call('model', Array)
#1 /opt/lampp/htdocs/qr_code/system/CodeIgniter.php(825): App\Controllers\Users->index()
#2 /opt/lampp/htdocs/qr_code/system/CodeIgniter.php(412): CodeIgniter\CodeIgniter->runController(Object(App\Controllers\Users))
#3 /opt/lampp/htdocs/qr_code/system/CodeIgniter.php(320): CodeIgniter\CodeIgniter->handleRequest(NULL, Object(Config\Cache), false)
#4 /opt/lampp/htdocs/qr_code/public/index.php(37): CodeIgniter\CodeIgniter->run()
#5 {main}
CRITICAL - 2022-01-06 13:31:16 --> Call to undefined method App\Models\UserModel::models
#0 /opt/lampp/htdocs/qr_code/app/Controllers/Users.php(28): CodeIgniter\Model->__call('models', Array)
#1 /opt/lampp/htdocs/qr_code/system/CodeIgniter.php(825): App\Controllers\Users->index()
#2 /opt/lampp/htdocs/qr_code/system/CodeIgniter.php(412): CodeIgniter\CodeIgniter->runController(Object(App\Controllers\Users))
#3 /opt/lampp/htdocs/qr_code/system/CodeIgniter.php(320): CodeIgniter\CodeIgniter->handleRequest(NULL, Object(Config\Cache), false)
#4 /opt/lampp/htdocs/qr_code/public/index.php(37): CodeIgniter\CodeIgniter->run()
#5 {main}
CRITICAL - 2022-01-06 13:54:20 --> syntax error, unexpected end of file
#0 /opt/lampp/htdocs/qr_code/system/View/View.php(213): CodeIgniter\View\View->CodeIgniter\View\{closure}()
#1 /opt/lampp/htdocs/qr_code/system/Common.php(1089): CodeIgniter\View\View->render('templates/heade...', Array, true)
#2 /opt/lampp/htdocs/qr_code/app/Controllers/Dashboard.php(10): view('templates/heade...')
#3 /opt/lampp/htdocs/qr_code/system/CodeIgniter.php(825): App\Controllers\Dashboard->index()
#4 /opt/lampp/htdocs/qr_code/system/CodeIgniter.php(412): CodeIgniter\CodeIgniter->runController(Object(App\Controllers\Dashboard))
#5 /opt/lampp/htdocs/qr_code/system/CodeIgniter.php(320): CodeIgniter\CodeIgniter->handleRequest(NULL, Object(Config\Cache), false)
#6 /opt/lampp/htdocs/qr_code/public/index.php(37): CodeIgniter\CodeIgniter->run()
#7 {main}
